Determining if the pthread_create exist failed with the following output:
Change Dir: /home/tbm/temp/test_gazebo_plugin/lidar_test_plugin_2/build/CMakeFiles/CMakeTmp

Run Build Command:/usr/bin/make "cmTryCompileExec93177154/fast"
/usr/bin/make -f CMakeFiles/cmTryCompileExec93177154.dir/build.make CMakeFiles/cmTryCompileExec93177154.dir/build
make[1]: 正在进入目录 `/home/tbm/temp/test_gazebo_plugin/lidar_test_plugin_2/build/CMakeFiles/CMakeTmp'
/usr/bin/cmake -E cmake_progress_report /home/tbm/temp/test_gazebo_plugin/lidar_test_plugin_2/build/CMakeFiles/CMakeTmp/CMakeFiles 1
Building C object CMakeFiles/cmTryCompileExec93177154.dir/CheckSymbolExists.c.o
/usr/bin/cc    -o CMakeFiles/cmTryCompileExec93177154.dir/CheckSymbolExists.c.o   -c /home/tbm/temp/test_gazebo_plugin/lidar_test_plugin_2/build/CMakeFiles/CMakeTmp/CheckSymbolExists.c
Linking C executable cmTryCompileExec93177154
/usr/bin/cmake -E cmake_link_script CMakeFiles/cmTryCompileExec93177154.dir/link.txt --verbose=1
/usr/bin/cc       CMakeFiles/cmTryCompileExec93177154.dir/CheckSymbolExists.c.o  -o cmTryCompileExec93177154 -rdynamic 
CMakeFiles/cmTryCompileExec93177154.dir/CheckSymbolExists.c.o：在函数‘main’中：
CheckSymbolExists.c:(.text+0x16)：对‘pthread_create’未定义的引用
collect2: error: ld returned 1 exit status
make[1]:正在离开目录 `/home/tbm/temp/test_gazebo_plugin/lidar_test_plugin_2/build/CMakeFiles/CMakeTmp'
make[1]: *** [cmTryCompileExec93177154] 错误 1
make: *** [cmTryCompileExec93177154/fast] 错误 2

File /home/tbm/temp/test_gazebo_plugin/lidar_test_plugin_2/build/CMakeFiles/CMakeTmp/CheckSymbolExists.c:
/* */
#include <pthread.h>

int main(int argc, char** argv)
{
  (void)argv;
#ifndef pthread_create
  return ((int*)(&pthread_create))[argc];
#else
  (void)argc;
  return 0;
#endif
}

Determining if the function pthread_create exists in the pthreads failed with the following output:
Change Dir: /home/tbm/temp/test_gazebo_plugin/lidar_test_plugin_2/build/CMakeFiles/CMakeTmp

Run Build Command:/usr/bin/make "cmTryCompileExec1854847701/fast"
/usr/bin/make -f CMakeFiles/cmTryCompileExec1854847701.dir/build.make CMakeFiles/cmTryCompileExec1854847701.dir/build
make[1]: 正在进入目录 `/home/tbm/temp/test_gazebo_plugin/lidar_test_plugin_2/build/CMakeFiles/CMakeTmp'
/usr/bin/cmake -E cmake_progress_report /home/tbm/temp/test_gazebo_plugin/lidar_test_plugin_2/build/CMakeFiles/CMakeTmp/CMakeFiles 1
Building C object CMakeFiles/cmTryCompileExec1854847701.dir/CheckFunctionExists.c.o
/usr/bin/cc   -DCHECK_FUNCTION_EXISTS=pthread_create   -o CMakeFiles/cmTryCompileExec1854847701.dir/CheckFunctionExists.c.o   -c /usr/share/cmake-2.8/Modules/CheckFunctionExists.c
Linking C executable cmTryCompileExec1854847701
/usr/bin/cmake -E cmake_link_script CMakeFiles/cmTryCompileExec1854847701.dir/link.txt --verbose=1
/usr/bin/cc   -DCHECK_FUNCTION_EXISTS=pthread_create    CMakeFiles/cmTryCompileExec1854847701.dir/CheckFunctionExists.c.o  -o cmTryCompileExec1854847701 -rdynamic -lpthreads 
/usr/bin/ld: cannot find -lpthreads
collect2: error: ld returned 1 exit status
make[1]: *** [cmTryCompileExec1854847701] 错误 1
make[1]:正在离开目录 `/home/tbm/temp/test_gazebo_plugin/lidar_test_plugin_2/build/CMakeFiles/CMakeTmp'
make: *** [cmTryCompileExec1854847701/fast] 错误 2


